Interface `Node` hidden because it has no visible implementers
Interface `Node` hidden because it has no visible implementers
Started POST "/graphql" for ::1 at 2025-09-08 19:50:20 +0300
  [1m[36mActiveRecord::SchemaMigration Load (0.6ms)[0m  [1m[34mSELECT "schema_migrations"."version" FROM "schema_migrations" ORDER BY "schema_migrations"."version" ASC /*application='Backend'*/[0m
Processing by GraphqlController#execute as */*
  Parameters: {"operationName" => "WorkoutsByDate", "variables" => {"date" => "2025-09-08"}, "query" => "query WorkoutsByDate($date: ISO8601Date!) {\n  workouts(fromDate: $date, toDate: $date) {\n    id\n    steps {\n      id\n      exercises {\n        id\n        name\n        __typename\n      }\n      sets {\n        id\n        reps\n        weightMcg\n        __typename\n      }\n      __typename\n    }\n    __typename\n  }\n}", "graphql" => {"operationName" => "WorkoutsByDate", "variables" => {"date" => "2025-09-08"}, "query" => "query WorkoutsByDate($date: ISO8601Date!) {\n  workouts(fromDate: $date, toDate: $date) {\n    id\n    steps {\n      id\n      exercises {\n        id\n        name\n        __typename\n      }\n      sets {\n        id\n        reps\n        weightMcg\n        __typename\n      }\n      __typename\n    }\n    __typename\n  }\n}"}}
uninitialized constant Authentication::Current
/Users/peter.lazarov/Code/GymworkWeb/backend/app/controllers/concerns/authentication.rb:26:in 'Authentication#resume_session'
/Users/peter.lazarov/Code/GymworkWeb/backend/app/controllers/graphql_controller.rb:14:in 'GraphqlController#execute'
/Users/peter.lazarov/.rbenv/versions/3.4.0-preview2/lib/ruby/gems/3.4.0+0/gems/actionpack-8.0.0/lib/action_controller/metal/basic_implicit_render.rb:8:in 'ActionController::BasicImplicitRender#send_action'
/Users/peter.lazarov/.rbenv/versions/3.4.0-preview2/lib/ruby/gems/3.4.0+0/gems/actionpack-8.0.0/lib/abstract_controller/base.rb:226:in 'AbstractController::Base#process_action'
/Users/peter.lazarov/.rbenv/versions/3.4.0-preview2/lib/ruby/gems/3.4.0+0/gems/actionpack-8.0.0/lib/action_controller/metal/rendering.rb:193:in 'ActionController::Rendering#process_action'
/Users/peter.lazarov/.rbenv/versions/3.4.0-preview2/lib/ruby/gems/3.4.0+0/gems/actionpack-8.0.0/lib/abstract_controller/callbacks.rb:261:in 'block in AbstractController::Callbacks#process_action'
/Users/peter.lazarov/.rbenv/versions/3.4.0-preview2/lib/ruby/gems/3.4.0+0/gems/activesupport-8.0.0/lib/active_support/callbacks.rb:100:in 'ActiveSupport::Callbacks#run_callbacks'
/Users/peter.lazarov/.rbenv/versions/3.4.0-preview2/lib/ruby/gems/3.4.0+0/gems/actionpack-8.0.0/lib/abstract_controller/callbacks.rb:260:in 'AbstractController::Callbacks#process_action'
/Users/peter.lazarov/.rbenv/versions/3.4.0-preview2/lib/ruby/gems/3.4.0+0/gems/actionpack-8.0.0/lib/action_controller/metal/rescue.rb:27:in 'ActionController::Rescue#process_action'
/Users/peter.lazarov/.rbenv/versions/3.4.0-preview2/lib/ruby/gems/3.4.0+0/gems/actionpack-8.0.0/lib/action_controller/metal/instrumentation.rb:76:in 'block in ActionController::Instrumentation#process_action'
/Users/peter.lazarov/.rbenv/versions/3.4.0-preview2/lib/ruby/gems/3.4.0+0/gems/activesupport-8.0.0/lib/active_support/notifications.rb:210:in 'block in ActiveSupport::Notifications.instrument'
/Users/peter.lazarov/.rbenv/versions/3.4.0-preview2/lib/ruby/gems/3.4.0+0/gems/activesupport-8.0.0/lib/active_support/notifications/instrumenter.rb:58:in 'ActiveSupport::Notifications::Instrumenter#instrument'
/Users/peter.lazarov/.rbenv/versions/3.4.0-preview2/lib/ruby/gems/3.4.0+0/gems/activesupport-8.0.0/lib/active_support/notifications.rb:210:in 'ActiveSupport::Notifications.instrument'
/Users/peter.lazarov/.rbenv/versions/3.4.0-preview2/lib/ruby/gems/3.4.0+0/gems/actionpack-8.0.0/lib/action_controller/metal/instrumentation.rb:75:in 'ActionController::Instrumentation#process_action'
/Users/peter.lazarov/.rbenv/versions/3.4.0-preview2/lib/ruby/gems/3.4.0+0/gems/actionpack-8.0.0/lib/action_controller/metal/params_wrapper.rb:259:in 'ActionController::ParamsWrapper#process_action'
/Users/peter.lazarov/.rbenv/versions/3.4.0-preview2/lib/ruby/gems/3.4.0+0/gems/activerecord-8.0.0/lib/active_record/railties/controller_runtime.rb:39:in 'ActiveRecord::Railties::ControllerRuntime#process_action'
/Users/peter.lazarov/.rbenv/versions/3.4.0-preview2/lib/ruby/gems/3.4.0+0/gems/actionpack-8.0.0/lib/abstract_controller/base.rb:163:in 'AbstractController::Base#process'
/Users/peter.lazarov/.rbenv/versions/3.4.0-preview2/lib/ruby/gems/3.4.0+0/gems/actionpack-8.0.0/lib/action_controller/metal.rb:252:in 'ActionController::Metal#dispatch'
/Users/peter.lazarov/.rbenv/versions/3.4.0-preview2/lib/ruby/gems/3.4.0+0/gems/actionpack-8.0.0/lib/action_controller/metal.rb:335:in 'ActionController::Metal.dispatch'
/Users/peter.lazarov/.rbenv/versions/3.4.0-preview2/lib/ruby/gems/3.4.0+0/gems/actionpack-8.0.0/lib/action_dispatch/routing/route_set.rb:67:in 'ActionDispatch::Routing::RouteSet::Dispatcher#dispatch'
/Users/peter.lazarov/.rbenv/versions/3.4.0-preview2/lib/ruby/gems/3.4.0+0/gems/actionpack-8.0.0/lib/action_dispatch/routing/route_set.rb:50:in 'ActionDispatch::Routing::RouteSet::Dispatcher#serve'
/Users/peter.lazarov/.rbenv/versions/3.4.0-preview2/lib/ruby/gems/3.4.0+0/gems/actionpack-8.0.0/lib/action_dispatch/journey/router.rb:53:in 'block in ActionDispatch::Journey::Router#serve'
/Users/peter.lazarov/.rbenv/versions/3.4.0-preview2/lib/ruby/gems/3.4.0+0/gems/actionpack-8.0.0/lib/action_dispatch/journey/router.rb:133:in 'block in ActionDispatch::Journey::Router#find_routes'
<internal:array>:42:in 'Array#each'
/Users/peter.lazarov/.rbenv/versions/3.4.0-preview2/lib/ruby/gems/3.4.0+0/gems/actionpack-8.0.0/lib/action_dispatch/journey/router.rb:126:in 'ActionDispatch::Journey::Router#find_routes'
/Users/peter.lazarov/.rbenv/versions/3.4.0-preview2/lib/ruby/gems/3.4.0+0/gems/actionpack-8.0.0/lib/action_dispatch/journey/router.rb:34:in 'ActionDispatch::Journey::Router#serve'
/Users/peter.lazarov/.rbenv/versions/3.4.0-preview2/lib/ruby/gems/3.4.0+0/gems/actionpack-8.0.0/lib/action_dispatch/routing/route_set.rb:908:in 'ActionDispatch::Routing::RouteSet#call'
/Users/peter.lazarov/.rbenv/versions/3.4.0-preview2/lib/ruby/gems/3.4.0+0/gems/railties-8.0.0/lib/rails/engine/lazy_route_set.rb:68:in 'Rails::Engine::LazyRouteSet#call'
/Users/peter.lazarov/.rbenv/versions/3.4.0-preview2/lib/ruby/gems/3.4.0+0/gems/actionpack-8.0.0/lib/action_dispatch/middleware/cookies.rb:706:in 'ActionDispatch::Cookies#call'
/Users/peter.lazarov/.rbenv/versions/3.4.0-preview2/lib/ruby/gems/3.4.0+0/gems/rack-3.1.12/lib/rack/etag.rb:29:in 'Rack::ETag#call'
/Users/peter.lazarov/.rbenv/versions/3.4.0-preview2/lib/ruby/gems/3.4.0+0/gems/rack-3.1.12/lib/rack/conditional_get.rb:43:in 'Rack::ConditionalGet#call'
/Users/peter.lazarov/.rbenv/versions/3.4.0-preview2/lib/ruby/gems/3.4.0+0/gems/rack-3.1.12/lib/rack/head.rb:15:in 'Rack::Head#call'
/Users/peter.lazarov/.rbenv/versions/3.4.0-preview2/lib/ruby/gems/3.4.0+0/gems/activerecord-8.0.0/lib/active_record/migration.rb:671:in 'ActiveRecord::Migration::CheckPending#call'
/Users/peter.lazarov/.rbenv/versions/3.4.0-preview2/lib/ruby/gems/3.4.0+0/gems/actionpack-8.0.0/lib/action_dispatch/middleware/callbacks.rb:31:in 'block in ActionDispatch::Callbacks#call'
/Users/peter.lazarov/.rbenv/versions/3.4.0-preview2/lib/ruby/gems/3.4.0+0/gems/activesupport-8.0.0/lib/active_support/callbacks.rb:100:in 'ActiveSupport::Callbacks#run_callbacks'
/Users/peter.lazarov/.rbenv/versions/3.4.0-preview2/lib/ruby/gems/3.4.0+0/gems/actionpack-8.0.0/lib/action_dispatch/middleware/callbacks.rb:30:in 'ActionDispatch::Callbacks#call'
/Users/peter.lazarov/.rbenv/versions/3.4.0-preview2/lib/ruby/gems/3.4.0+0/gems/actionpack-8.0.0/lib/action_dispatch/middleware/executor.rb:16:in 'ActionDispatch::Executor#call'
/Users/peter.lazarov/.rbenv/versions/3.4.0-preview2/lib/ruby/gems/3.4.0+0/gems/actionpack-8.0.0/lib/action_dispatch/middleware/actionable_exceptions.rb:18:in 'ActionDispatch::ActionableExceptions#call'
/Users/peter.lazarov/.rbenv/versions/3.4.0-preview2/lib/ruby/gems/3.4.0+0/gems/actionpack-8.0.0/lib/action_dispatch/middleware/debug_exceptions.rb:31:in 'ActionDispatch::DebugExceptions#call'
/Users/peter.lazarov/.rbenv/versions/3.4.0-preview2/lib/ruby/gems/3.4.0+0/gems/actionpack-8.0.0/lib/action_dispatch/middleware/show_exceptions.rb:32:in 'ActionDispatch::ShowExceptions#call'
/Users/peter.lazarov/.rbenv/versions/3.4.0-preview2/lib/ruby/gems/3.4.0+0/gems/railties-8.0.0/lib/rails/rack/logger.rb:41:in 'Rails::Rack::Logger#call_app'
/Users/peter.lazarov/.rbenv/versions/3.4.0-preview2/lib/ruby/gems/3.4.0+0/gems/railties-8.0.0/lib/rails/rack/logger.rb:29:in 'Rails::Rack::Logger#call'
/Users/peter.lazarov/.rbenv/versions/3.4.0-preview2/lib/ruby/gems/3.4.0+0/gems/actionpack-8.0.0/lib/action_dispatch/middleware/remote_ip.rb:96:in 'ActionDispatch::RemoteIp#call'
/Users/peter.lazarov/.rbenv/versions/3.4.0-preview2/lib/ruby/gems/3.4.0+0/gems/actionpack-8.0.0/lib/action_dispatch/middleware/request_id.rb:34:in 'ActionDispatch::RequestId#call'
/Users/peter.lazarov/.rbenv/versions/3.4.0-preview2/lib/ruby/gems/3.4.0+0/gems/rack-3.1.12/lib/rack/runtime.rb:24:in 'Rack::Runtime#call'
/Users/peter.lazarov/.rbenv/versions/3.4.0-preview2/lib/ruby/gems/3.4.0+0/gems/actionpack-8.0.0/lib/action_dispatch/middleware/server_timing.rb:61:in 'block in ActionDispatch::ServerTiming#call'
/Users/peter.lazarov/.rbenv/versions/3.4.0-preview2/lib/ruby/gems/3.4.0+0/gems/actionpack-8.0.0/lib/action_dispatch/middleware/server_timing.rb:26:in 'ActionDispatch::ServerTiming::Subscriber#collect_events'
/Users/peter.lazarov/.rbenv/versions/3.4.0-preview2/lib/ruby/gems/3.4.0+0/gems/actionpack-8.0.0/lib/action_dispatch/middleware/server_timing.rb:60:in 'ActionDispatch::ServerTiming#call'
/Users/peter.lazarov/.rbenv/versions/3.4.0-preview2/lib/ruby/gems/3.4.0+0/gems/actionpack-8.0.0/lib/action_dispatch/middleware/executor.rb:16:in 'ActionDispatch::Executor#call'
/Users/peter.lazarov/.rbenv/versions/3.4.0-preview2/lib/ruby/gems/3.4.0+0/gems/actionpack-8.0.0/lib/action_dispatch/middleware/static.rb:27:in 'ActionDispatch::Static#call'
/Users/peter.lazarov/.rbenv/versions/3.4.0-preview2/lib/ruby/gems/3.4.0+0/gems/rack-3.1.12/lib/rack/sendfile.rb:114:in 'Rack::Sendfile#call'
/Users/peter.lazarov/.rbenv/versions/3.4.0-preview2/lib/ruby/gems/3.4.0+0/gems/actionpack-8.0.0/lib/action_dispatch/middleware/host_authorization.rb:143:in 'ActionDispatch::HostAuthorization#call'
/Users/peter.lazarov/.rbenv/versions/3.4.0-preview2/lib/ruby/gems/3.4.0+0/gems/railties-8.0.0/lib/rails/engine.rb:535:in 'Rails::Engine#call'
/Users/peter.lazarov/.rbenv/versions/3.4.0-preview2/lib/ruby/gems/3.4.0+0/gems/puma-6.4.3/lib/puma/configuration.rb:272:in 'Puma::Configuration::ConfigMiddleware#call'
/Users/peter.lazarov/.rbenv/versions/3.4.0-preview2/lib/ruby/gems/3.4.0+0/gems/puma-6.4.3/lib/puma/request.rb:100:in 'block in Puma::Request#handle_request'
/Users/peter.lazarov/.rbenv/versions/3.4.0-preview2/lib/ruby/gems/3.4.0+0/gems/puma-6.4.3/lib/puma/thread_pool.rb:378:in 'Puma::ThreadPool#with_force_shutdown'
/Users/peter.lazarov/.rbenv/versions/3.4.0-preview2/lib/ruby/gems/3.4.0+0/gems/puma-6.4.3/lib/puma/request.rb:99:in 'Puma::Request#handle_request'
/Users/peter.lazarov/.rbenv/versions/3.4.0-preview2/lib/ruby/gems/3.4.0+0/gems/puma-6.4.3/lib/puma/server.rb:464:in 'Puma::Server#process_client'
/Users/peter.lazarov/.rbenv/versions/3.4.0-preview2/lib/ruby/gems/3.4.0+0/gems/puma-6.4.3/lib/puma/server.rb:245:in 'block in Puma::Server#run'
/Users/peter.lazarov/.rbenv/versions/3.4.0-preview2/lib/ruby/gems/3.4.0+0/gems/puma-6.4.3/lib/puma/thread_pool.rb:155:in 'block in Puma::ThreadPool#spawn_thread'
Completed 500 Internal Server Error in 6ms (Views: 0.1ms | ActiveRecord: 0.0ms (0 queries, 0 cached) | GC: 0.7ms)


Started POST "/graphql" for ::1 at 2025-09-08 19:50:29 +0300
Processing by GraphqlController#execute as */*
  Parameters: {"operationName" => "WorkoutsByDate", "variables" => {"date" => "2025-09-08"}, "query" => "query WorkoutsByDate($date: ISO8601Date!) {\n  workouts(fromDate: $date, toDate: $date) {\n    id\n    steps {\n      id\n      exercises {\n        id\n        name\n        __typename\n      }\n      sets {\n        id\n        reps\n        weightMcg\n        __typename\n      }\n      __typename\n    }\n    __typename\n  }\n}", "graphql" => {"operationName" => "WorkoutsByDate", "variables" => {"date" => "2025-09-08"}, "query" => "query WorkoutsByDate($date: ISO8601Date!) {\n  workouts(fromDate: $date, toDate: $date) {\n    id\n    steps {\n      id\n      exercises {\n        id\n        name\n        __typename\n      }\n      sets {\n        id\n        reps\n        weightMcg\n        __typename\n      }\n      __typename\n    }\n    __typename\n  }\n}"}}
uninitialized constant Authentication::Current
/Users/peter.lazarov/Code/GymworkWeb/backend/app/controllers/concerns/authentication.rb:26:in 'Authentication#resume_session'
/Users/peter.lazarov/Code/GymworkWeb/backend/app/controllers/graphql_controller.rb:14:in 'GraphqlController#execute'
/Users/peter.lazarov/.rbenv/versions/3.4.0-preview2/lib/ruby/gems/3.4.0+0/gems/actionpack-8.0.0/lib/action_controller/metal/basic_implicit_render.rb:8:in 'ActionController::BasicImplicitRender#send_action'
/Users/peter.lazarov/.rbenv/versions/3.4.0-preview2/lib/ruby/gems/3.4.0+0/gems/actionpack-8.0.0/lib/abstract_controller/base.rb:226:in 'AbstractController::Base#process_action'
/Users/peter.lazarov/.rbenv/versions/3.4.0-preview2/lib/ruby/gems/3.4.0+0/gems/actionpack-8.0.0/lib/action_controller/metal/rendering.rb:193:in 'ActionController::Rendering#process_action'
/Users/peter.lazarov/.rbenv/versions/3.4.0-preview2/lib/ruby/gems/3.4.0+0/gems/actionpack-8.0.0/lib/abstract_controller/callbacks.rb:261:in 'block in AbstractController::Callbacks#process_action'
/Users/peter.lazarov/.rbenv/versions/3.4.0-preview2/lib/ruby/gems/3.4.0+0/gems/activesupport-8.0.0/lib/active_support/callbacks.rb:100:in 'ActiveSupport::Callbacks#run_callbacks'
/Users/peter.lazarov/.rbenv/versions/3.4.0-preview2/lib/ruby/gems/3.4.0+0/gems/actionpack-8.0.0/lib/abstract_controller/callbacks.rb:260:in 'AbstractController::Callbacks#process_action'
/Users/peter.lazarov/.rbenv/versions/3.4.0-preview2/lib/ruby/gems/3.4.0+0/gems/actionpack-8.0.0/lib/action_controller/metal/rescue.rb:27:in 'ActionController::Rescue#process_action'
/Users/peter.lazarov/.rbenv/versions/3.4.0-preview2/lib/ruby/gems/3.4.0+0/gems/actionpack-8.0.0/lib/action_controller/metal/instrumentation.rb:76:in 'block in ActionController::Instrumentation#process_action'
/Users/peter.lazarov/.rbenv/versions/3.4.0-preview2/lib/ruby/gems/3.4.0+0/gems/activesupport-8.0.0/lib/active_support/notifications.rb:210:in 'block in ActiveSupport::Notifications.instrument'
/Users/peter.lazarov/.rbenv/versions/3.4.0-preview2/lib/ruby/gems/3.4.0+0/gems/activesupport-8.0.0/lib/active_support/notifications/instrumenter.rb:58:in 'ActiveSupport::Notifications::Instrumenter#instrument'
/Users/peter.lazarov/.rbenv/versions/3.4.0-preview2/lib/ruby/gems/3.4.0+0/gems/activesupport-8.0.0/lib/active_support/notifications.rb:210:in 'ActiveSupport::Notifications.instrument'
/Users/peter.lazarov/.rbenv/versions/3.4.0-preview2/lib/ruby/gems/3.4.0+0/gems/actionpack-8.0.0/lib/action_controller/metal/instrumentation.rb:75:in 'ActionController::Instrumentation#process_action'
/Users/peter.lazarov/.rbenv/versions/3.4.0-preview2/lib/ruby/gems/3.4.0+0/gems/actionpack-8.0.0/lib/action_controller/metal/params_wrapper.rb:259:in 'ActionController::ParamsWrapper#process_action'
/Users/peter.lazarov/.rbenv/versions/3.4.0-preview2/lib/ruby/gems/3.4.0+0/gems/activerecord-8.0.0/lib/active_record/railties/controller_runtime.rb:39:in 'ActiveRecord::Railties::ControllerRuntime#process_action'
/Users/peter.lazarov/.rbenv/versions/3.4.0-preview2/lib/ruby/gems/3.4.0+0/gems/actionpack-8.0.0/lib/abstract_controller/base.rb:163:in 'AbstractController::Base#process'
/Users/peter.lazarov/.rbenv/versions/3.4.0-preview2/lib/ruby/gems/3.4.0+0/gems/actionpack-8.0.0/lib/action_controller/metal.rb:252:in 'ActionController::Metal#dispatch'
/Users/peter.lazarov/.rbenv/versions/3.4.0-preview2/lib/ruby/gems/3.4.0+0/gems/actionpack-8.0.0/lib/action_controller/metal.rb:335:in 'ActionController::Metal.dispatch'
/Users/peter.lazarov/.rbenv/versions/3.4.0-preview2/lib/ruby/gems/3.4.0+0/gems/actionpack-8.0.0/lib/action_dispatch/routing/route_set.rb:67:in 'ActionDispatch::Routing::RouteSet::Dispatcher#dispatch'
/Users/peter.lazarov/.rbenv/versions/3.4.0-preview2/lib/ruby/gems/3.4.0+0/gems/actionpack-8.0.0/lib/action_dispatch/routing/route_set.rb:50:in 'ActionDispatch::Routing::RouteSet::Dispatcher#serve'
/Users/peter.lazarov/.rbenv/versions/3.4.0-preview2/lib/ruby/gems/3.4.0+0/gems/actionpack-8.0.0/lib/action_dispatch/journey/router.rb:53:in 'block in ActionDispatch::Journey::Router#serve'
/Users/peter.lazarov/.rbenv/versions/3.4.0-preview2/lib/ruby/gems/3.4.0+0/gems/actionpack-8.0.0/lib/action_dispatch/journey/router.rb:133:in 'block in ActionDispatch::Journey::Router#find_routes'
<internal:array>:42:in 'Array#each'
/Users/peter.lazarov/.rbenv/versions/3.4.0-preview2/lib/ruby/gems/3.4.0+0/gems/actionpack-8.0.0/lib/action_dispatch/journey/router.rb:126:in 'ActionDispatch::Journey::Router#find_routes'
/Users/peter.lazarov/.rbenv/versions/3.4.0-preview2/lib/ruby/gems/3.4.0+0/gems/actionpack-8.0.0/lib/action_dispatch/journey/router.rb:34:in 'ActionDispatch::Journey::Router#serve'
/Users/peter.lazarov/.rbenv/versions/3.4.0-preview2/lib/ruby/gems/3.4.0+0/gems/actionpack-8.0.0/lib/action_dispatch/routing/route_set.rb:908:in 'ActionDispatch::Routing::RouteSet#call'
/Users/peter.lazarov/.rbenv/versions/3.4.0-preview2/lib/ruby/gems/3.4.0+0/gems/railties-8.0.0/lib/rails/engine/lazy_route_set.rb:68:in 'Rails::Engine::LazyRouteSet#call'
/Users/peter.lazarov/.rbenv/versions/3.4.0-preview2/lib/ruby/gems/3.4.0+0/gems/actionpack-8.0.0/lib/action_dispatch/middleware/cookies.rb:706:in 'ActionDispatch::Cookies#call'
/Users/peter.lazarov/.rbenv/versions/3.4.0-preview2/lib/ruby/gems/3.4.0+0/gems/rack-3.1.12/lib/rack/etag.rb:29:in 'Rack::ETag#call'
/Users/peter.lazarov/.rbenv/versions/3.4.0-preview2/lib/ruby/gems/3.4.0+0/gems/rack-3.1.12/lib/rack/conditional_get.rb:43:in 'Rack::ConditionalGet#call'
/Users/peter.lazarov/.rbenv/versions/3.4.0-preview2/lib/ruby/gems/3.4.0+0/gems/rack-3.1.12/lib/rack/head.rb:15:in 'Rack::Head#call'
/Users/peter.lazarov/.rbenv/versions/3.4.0-preview2/lib/ruby/gems/3.4.0+0/gems/activerecord-8.0.0/lib/active_record/migration.rb:671:in 'ActiveRecord::Migration::CheckPending#call'
/Users/peter.lazarov/.rbenv/versions/3.4.0-preview2/lib/ruby/gems/3.4.0+0/gems/actionpack-8.0.0/lib/action_dispatch/middleware/callbacks.rb:31:in 'block in ActionDispatch::Callbacks#call'
/Users/peter.lazarov/.rbenv/versions/3.4.0-preview2/lib/ruby/gems/3.4.0+0/gems/activesupport-8.0.0/lib/active_support/callbacks.rb:100:in 'ActiveSupport::Callbacks#run_callbacks'
/Users/peter.lazarov/.rbenv/versions/3.4.0-preview2/lib/ruby/gems/3.4.0+0/gems/actionpack-8.0.0/lib/action_dispatch/middleware/callbacks.rb:30:in 'ActionDispatch::Callbacks#call'
/Users/peter.lazarov/.rbenv/versions/3.4.0-preview2/lib/ruby/gems/3.4.0+0/gems/actionpack-8.0.0/lib/action_dispatch/middleware/executor.rb:16:in 'ActionDispatch::Executor#call'
/Users/peter.lazarov/.rbenv/versions/3.4.0-preview2/lib/ruby/gems/3.4.0+0/gems/actionpack-8.0.0/lib/action_dispatch/middleware/actionable_exceptions.rb:18:in 'ActionDispatch::ActionableExceptions#call'
/Users/peter.lazarov/.rbenv/versions/3.4.0-preview2/lib/ruby/gems/3.4.0+0/gems/actionpack-8.0.0/lib/action_dispatch/middleware/debug_exceptions.rb:31:in 'ActionDispatch::DebugExceptions#call'
/Users/peter.lazarov/.rbenv/versions/3.4.0-preview2/lib/ruby/gems/3.4.0+0/gems/actionpack-8.0.0/lib/action_dispatch/middleware/show_exceptions.rb:32:in 'ActionDispatch::ShowExceptions#call'
/Users/peter.lazarov/.rbenv/versions/3.4.0-preview2/lib/ruby/gems/3.4.0+0/gems/railties-8.0.0/lib/rails/rack/logger.rb:41:in 'Rails::Rack::Logger#call_app'
/Users/peter.lazarov/.rbenv/versions/3.4.0-preview2/lib/ruby/gems/3.4.0+0/gems/railties-8.0.0/lib/rails/rack/logger.rb:29:in 'Rails::Rack::Logger#call'
/Users/peter.lazarov/.rbenv/versions/3.4.0-preview2/lib/ruby/gems/3.4.0+0/gems/actionpack-8.0.0/lib/action_dispatch/middleware/remote_ip.rb:96:in 'ActionDispatch::RemoteIp#call'
/Users/peter.lazarov/.rbenv/versions/3.4.0-preview2/lib/ruby/gems/3.4.0+0/gems/actionpack-8.0.0/lib/action_dispatch/middleware/request_id.rb:34:in 'ActionDispatch::RequestId#call'
/Users/peter.lazarov/.rbenv/versions/3.4.0-preview2/lib/ruby/gems/3.4.0+0/gems/rack-3.1.12/lib/rack/runtime.rb:24:in 'Rack::Runtime#call'
/Users/peter.lazarov/.rbenv/versions/3.4.0-preview2/lib/ruby/gems/3.4.0+0/gems/actionpack-8.0.0/lib/action_dispatch/middleware/server_timing.rb:61:in 'block in ActionDispatch::ServerTiming#call'
/Users/peter.lazarov/.rbenv/versions/3.4.0-preview2/lib/ruby/gems/3.4.0+0/gems/actionpack-8.0.0/lib/action_dispatch/middleware/server_timing.rb:26:in 'ActionDispatch::ServerTiming::Subscriber#collect_events'
/Users/peter.lazarov/.rbenv/versions/3.4.0-preview2/lib/ruby/gems/3.4.0+0/gems/actionpack-8.0.0/lib/action_dispatch/middleware/server_timing.rb:60:in 'ActionDispatch::ServerTiming#call'
/Users/peter.lazarov/.rbenv/versions/3.4.0-preview2/lib/ruby/gems/3.4.0+0/gems/actionpack-8.0.0/lib/action_dispatch/middleware/executor.rb:16:in 'ActionDispatch::Executor#call'
/Users/peter.lazarov/.rbenv/versions/3.4.0-preview2/lib/ruby/gems/3.4.0+0/gems/actionpack-8.0.0/lib/action_dispatch/middleware/static.rb:27:in 'ActionDispatch::Static#call'
/Users/peter.lazarov/.rbenv/versions/3.4.0-preview2/lib/ruby/gems/3.4.0+0/gems/rack-3.1.12/lib/rack/sendfile.rb:114:in 'Rack::Sendfile#call'
/Users/peter.lazarov/.rbenv/versions/3.4.0-preview2/lib/ruby/gems/3.4.0+0/gems/actionpack-8.0.0/lib/action_dispatch/middleware/host_authorization.rb:143:in 'ActionDispatch::HostAuthorization#call'
/Users/peter.lazarov/.rbenv/versions/3.4.0-preview2/lib/ruby/gems/3.4.0+0/gems/railties-8.0.0/lib/rails/engine.rb:535:in 'Rails::Engine#call'
/Users/peter.lazarov/.rbenv/versions/3.4.0-preview2/lib/ruby/gems/3.4.0+0/gems/puma-6.4.3/lib/puma/configuration.rb:272:in 'Puma::Configuration::ConfigMiddleware#call'
/Users/peter.lazarov/.rbenv/versions/3.4.0-preview2/lib/ruby/gems/3.4.0+0/gems/puma-6.4.3/lib/puma/request.rb:100:in 'block in Puma::Request#handle_request'
/Users/peter.lazarov/.rbenv/versions/3.4.0-preview2/lib/ruby/gems/3.4.0+0/gems/puma-6.4.3/lib/puma/thread_pool.rb:378:in 'Puma::ThreadPool#with_force_shutdown'
/Users/peter.lazarov/.rbenv/versions/3.4.0-preview2/lib/ruby/gems/3.4.0+0/gems/puma-6.4.3/lib/puma/request.rb:99:in 'Puma::Request#handle_request'
/Users/peter.lazarov/.rbenv/versions/3.4.0-preview2/lib/ruby/gems/3.4.0+0/gems/puma-6.4.3/lib/puma/server.rb:464:in 'Puma::Server#process_client'
/Users/peter.lazarov/.rbenv/versions/3.4.0-preview2/lib/ruby/gems/3.4.0+0/gems/puma-6.4.3/lib/puma/server.rb:245:in 'block in Puma::Server#run'
/Users/peter.lazarov/.rbenv/versions/3.4.0-preview2/lib/ruby/gems/3.4.0+0/gems/puma-6.4.3/lib/puma/thread_pool.rb:155:in 'block in Puma::ThreadPool#spawn_thread'
Completed 500 Internal Server Error in 0ms (Views: 0.1ms | ActiveRecord: 0.0ms (0 queries, 0 cached) | GC: 0.0ms)


Started POST "/graphql" for ::1 at 2025-09-08 19:54:37 +0300
Processing by GraphqlController#execute as */*
  Parameters: {"operationName" => "WorkoutsByDate", "variables" => {"date" => "2025-09-08"}, "query" => "query WorkoutsByDate($date: ISO8601Date!) {\n  workouts(fromDate: $date, toDate: $date) {\n    id\n    steps {\n      id\n      exercises {\n        id\n        name\n        __typename\n      }\n      sets {\n        id\n        reps\n        weightMcg\n        __typename\n      }\n      __typename\n    }\n    __typename\n  }\n}", "graphql" => {"operationName" => "WorkoutsByDate", "variables" => {"date" => "2025-09-08"}, "query" => "query WorkoutsByDate($date: ISO8601Date!) {\n  workouts(fromDate: $date, toDate: $date) {\n    id\n    steps {\n      id\n      exercises {\n        id\n        name\n        __typename\n      }\n      sets {\n        id\n        reps\n        weightMcg\n        __typename\n      }\n      __typename\n    }\n    __typename\n  }\n}"}}
  [1m[36mWorkout Load (1.9ms)[0m  [1m[34mSELECT "workouts".* FROM "workouts" WHERE (date >= '2025-09-08') AND (date <= '2025-09-08') ORDER BY "workouts"."date" DESC /*action='execute',application='Backend',controller='graphql',current_graphql_field='Query.workouts',current_graphql_operation='WorkoutsByDate'*/[0m
Completed 200 OK in 58ms (Views: 0.1ms | ActiveRecord: 17.0ms (1 query, 0 cached) | GC: 1.3ms)


Started POST "/graphql" for ::1 at 2025-09-08 19:54:41 +0300
Processing by GraphqlController#execute as */*
  Parameters: {"operationName" => "CreateWorkout", "variables" => {"date" => "2025-09-07T21:00:00.000Z"}, "query" => "mutation CreateWorkout($date: ISO8601DateTime!) {\n  createWorkout(input: {date: $date}) {\n    workout {\n      id\n      steps {\n        id\n        exercises {\n          id\n          name\n          __typename\n        }\n        sets {\n          id\n          reps\n          weightMcg\n          __typename\n        }\n        __typename\n      }\n      __typename\n    }\n    errors\n    __typename\n  }\n}", "graphql" => {"operationName" => "CreateWorkout", "variables" => {"date" => "2025-09-07T21:00:00.000Z"}, "query" => "mutation CreateWorkout($date: ISO8601DateTime!) {\n  createWorkout(input: {date: $date}) {\n    workout {\n      id\n      steps {\n        id\n        exercises {\n          id\n          name\n          __typename\n        }\n        sets {\n          id\n          reps\n          weightMcg\n          __typename\n        }\n        __typename\n      }\n      __typename\n    }\n    errors\n    __typename\n  }\n}"}}
  [1m[36mTRANSACTION (1.8ms)[0m  [1m[35mBEGIN /*action='execute',application='Backend',controller='graphql',current_graphql_field='Mutation.createWorkout',current_graphql_operation='CreateWorkout'*/[0m
  ↳ app/graphql/mutations/create_workout_mutation.rb:14:in 'Mutations::CreateWorkoutMutation#resolve'
  [1m[36mWorkout Create (5.1ms)[0m  [1m[32mINSERT INTO "workouts" ("date", "notes", "feeling", "pain", "rpe", "ended_at", "duration_ms", "created_at", "updated_at") VALUES ('2025-09-07', NULL, NULL, NULL, NULL, NULL, NULL, '2025-09-08 16:54:41.841982', '2025-09-08 16:54:41.841982') RETURNING "id" /*action='execute',application='Backend',controller='graphql',current_graphql_field='Mutation.createWorkout',current_graphql_operation='CreateWorkout'*/[0m
  ↳ app/graphql/mutations/create_workout_mutation.rb:14:in 'Mutations::CreateWorkoutMutation#resolve'
  [1m[36mTRANSACTION (1.7ms)[0m  [1m[35mCOMMIT /*action='execute',application='Backend',controller='graphql',current_graphql_field='Mutation.createWorkout',current_graphql_operation='CreateWorkout'*/[0m
  ↳ app/graphql/mutations/create_workout_mutation.rb:14:in 'Mutations::CreateWorkoutMutation#resolve'
  [1m[36mWorkoutStep Load (2.3ms)[0m  [1m[34mSELECT "workout_steps".* FROM "workout_steps" WHERE "workout_steps"."workout_id" = '43ea0ed0-114a-490b-b619-1b8a9c13fd0c' /*action='execute',application='Backend',controller='graphql',current_graphql_field='Workout.steps',current_graphql_operation='CreateWorkout'*/[0m
Completed 200 OK in 80ms (Views: 0.1ms | ActiveRecord: 29.8ms (2 queries, 0 cached) | GC: 0.0ms)


Started POST "/graphql" for ::1 at 2025-09-08 19:54:41 +0300
Processing by GraphqlController#execute as */*
  Parameters: {"operationName" => "WorkoutsByDate", "variables" => {"date" => "2025-09-08"}, "query" => "query WorkoutsByDate($date: ISO8601Date!) {\n  workouts(fromDate: $date, toDate: $date) {\n    id\n    steps {\n      id\n      exercises {\n        id\n        name\n        __typename\n      }\n      sets {\n        id\n        reps\n        weightMcg\n        __typename\n      }\n      __typename\n    }\n    __typename\n  }\n}", "graphql" => {"operationName" => "WorkoutsByDate", "variables" => {"date" => "2025-09-08"}, "query" => "query WorkoutsByDate($date: ISO8601Date!) {\n  workouts(fromDate: $date, toDate: $date) {\n    id\n    steps {\n      id\n      exercises {\n        id\n        name\n        __typename\n      }\n      sets {\n        id\n        reps\n        weightMcg\n        __typename\n      }\n      __typename\n    }\n    __typename\n  }\n}"}}
  [1m[36mWorkout Load (2.5ms)[0m  [1m[34mSELECT "workouts".* FROM "workouts" WHERE (date >= '2025-09-08') AND (date <= '2025-09-08') ORDER BY "workouts"."date" DESC /*action='execute',application='Backend',controller='graphql',current_graphql_field='Query.workouts',current_graphql_operation='WorkoutsByDate'*/[0m
Completed 200 OK in 5ms (Views: 0.1ms | ActiveRecord: 2.5ms (1 query, 0 cached) | GC: 0.0ms)


Started POST "/graphql" for ::1 at 2025-09-08 19:54:43 +0300
Processing by GraphqlController#execute as */*
  Parameters: {"operationName" => "WorkoutsByDate", "variables" => {"date" => "2025-09-08"}, "query" => "query WorkoutsByDate($date: ISO8601Date!) {\n  workouts(fromDate: $date, toDate: $date) {\n    id\n    steps {\n      id\n      exercises {\n        id\n        name\n        __typename\n      }\n      sets {\n        id\n        reps\n        weightMcg\n        __typename\n      }\n      __typename\n    }\n    __typename\n  }\n}", "graphql" => {"operationName" => "WorkoutsByDate", "variables" => {"date" => "2025-09-08"}, "query" => "query WorkoutsByDate($date: ISO8601Date!) {\n  workouts(fromDate: $date, toDate: $date) {\n    id\n    steps {\n      id\n      exercises {\n        id\n        name\n        __typename\n      }\n      sets {\n        id\n        reps\n        weightMcg\n        __typename\n      }\n      __typename\n    }\n    __typename\n  }\n}"}}
  [1m[36mWorkout Load (2.2ms)[0m  [1m[34mSELECT "workouts".* FROM "workouts" WHERE (date >= '2025-09-08') AND (date <= '2025-09-08') ORDER BY "workouts"."date" DESC /*action='execute',application='Backend',controller='graphql',current_graphql_field='Query.workouts',current_graphql_operation='WorkoutsByDate'*/[0m
Completed 200 OK in 6ms (Views: 0.2ms | ActiveRecord: 2.1ms (1 query, 0 cached) | GC: 0.0ms)


Started POST "/graphql" for ::1 at 2025-09-08 19:54:44 +0300
Processing by GraphqlController#execute as */*
  Parameters: {"operationName" => "CreateWorkout", "variables" => {"date" => "2025-09-07T21:00:00.000Z"}, "query" => "mutation CreateWorkout($date: ISO8601DateTime!) {\n  createWorkout(input: {date: $date}) {\n    workout {\n      id\n      steps {\n        id\n        exercises {\n          id\n          name\n          __typename\n        }\n        sets {\n          id\n          reps\n          weightMcg\n          __typename\n        }\n        __typename\n      }\n      __typename\n    }\n    errors\n    __typename\n  }\n}", "graphql" => {"operationName" => "CreateWorkout", "variables" => {"date" => "2025-09-07T21:00:00.000Z"}, "query" => "mutation CreateWorkout($date: ISO8601DateTime!) {\n  createWorkout(input: {date: $date}) {\n    workout {\n      id\n      steps {\n        id\n        exercises {\n          id\n          name\n          __typename\n        }\n        sets {\n          id\n          reps\n          weightMcg\n          __typename\n        }\n        __typename\n      }\n      __typename\n    }\n    errors\n    __typename\n  }\n}"}}
  [1m[36mTRANSACTION (1.7ms)[0m  [1m[35mBEGIN /*action='execute',application='Backend',controller='graphql',current_graphql_field='Mutation.createWorkout',current_graphql_operation='CreateWorkout'*/[0m
  ↳ app/graphql/mutations/create_workout_mutation.rb:14:in 'Mutations::CreateWorkoutMutation#resolve'
  [1m[36mWorkout Create (4.8ms)[0m  [1m[32mINSERT INTO "workouts" ("date", "notes", "feeling", "pain", "rpe", "ended_at", "duration_ms", "created_at", "updated_at") VALUES ('2025-09-07', NULL, NULL, NULL, NULL, NULL, NULL, '2025-09-08 16:54:44.424487', '2025-09-08 16:54:44.424487') RETURNING "id" /*action='execute',application='Backend',controller='graphql',current_graphql_field='Mutation.createWorkout',current_graphql_operation='CreateWorkout'*/[0m
  ↳ app/graphql/mutations/create_workout_mutation.rb:14:in 'Mutations::CreateWorkoutMutation#resolve'
  [1m[36mTRANSACTION (2.7ms)[0m  [1m[35mCOMMIT /*action='execute',application='Backend',controller='graphql',current_graphql_field='Mutation.createWorkout',current_graphql_operation='CreateWorkout'*/[0m
  ↳ app/graphql/mutations/create_workout_mutation.rb:14:in 'Mutations::CreateWorkoutMutation#resolve'
  [1m[36mWorkoutStep Load (3.3ms)[0m  [1m[34mSELECT "workout_steps".* FROM "workout_steps" WHERE "workout_steps"."workout_id" = 'af3bb8e4-0d56-4a33-8120-e1891fee58ad' /*action='execute',application='Backend',controller='graphql',current_graphql_field='Workout.steps',current_graphql_operation='CreateWorkout'*/[0m
Completed 200 OK in 22ms (Views: 0.2ms | ActiveRecord: 12.4ms (2 queries, 0 cached) | GC: 0.0ms)


Started POST "/graphql" for ::1 at 2025-09-08 19:54:44 +0300
Processing by GraphqlController#execute as */*
  Parameters: {"operationName" => "WorkoutsByDate", "variables" => {"date" => "2025-09-08"}, "query" => "query WorkoutsByDate($date: ISO8601Date!) {\n  workouts(fromDate: $date, toDate: $date) {\n    id\n    steps {\n      id\n      exercises {\n        id\n        name\n        __typename\n      }\n      sets {\n        id\n        reps\n        weightMcg\n        __typename\n      }\n      __typename\n    }\n    __typename\n  }\n}", "graphql" => {"operationName" => "WorkoutsByDate", "variables" => {"date" => "2025-09-08"}, "query" => "query WorkoutsByDate($date: ISO8601Date!) {\n  workouts(fromDate: $date, toDate: $date) {\n    id\n    steps {\n      id\n      exercises {\n        id\n        name\n        __typename\n      }\n      sets {\n        id\n        reps\n        weightMcg\n        __typename\n      }\n      __typename\n    }\n    __typename\n  }\n}"}}
  [1m[36mWorkout Load (2.7ms)[0m  [1m[34mSELECT "workouts".* FROM "workouts" WHERE (date >= '2025-09-08') AND (date <= '2025-09-08') ORDER BY "workouts"."date" DESC /*action='execute',application='Backend',controller='graphql',current_graphql_field='Query.workouts',current_graphql_operation='WorkoutsByDate'*/[0m
Completed 200 OK in 8ms (Views: 0.2ms | ActiveRecord: 2.7ms (1 query, 0 cached) | GC: 0.0ms)


Started POST "/graphql" for ::1 at 2025-09-08 19:54:45 +0300
Processing by GraphqlController#execute as */*
  Parameters: {"operationName" => "WorkoutsByDate", "variables" => {"date" => "2025-09-08"}, "query" => "query WorkoutsByDate($date: ISO8601Date!) {\n  workouts(fromDate: $date, toDate: $date) {\n    id\n    steps {\n      id\n      exercises {\n        id\n        name\n        __typename\n      }\n      sets {\n        id\n        reps\n        weightMcg\n        __typename\n      }\n      __typename\n    }\n    __typename\n  }\n}", "graphql" => {"operationName" => "WorkoutsByDate", "variables" => {"date" => "2025-09-08"}, "query" => "query WorkoutsByDate($date: ISO8601Date!) {\n  workouts(fromDate: $date, toDate: $date) {\n    id\n    steps {\n      id\n      exercises {\n        id\n        name\n        __typename\n      }\n      sets {\n        id\n        reps\n        weightMcg\n        __typename\n      }\n      __typename\n    }\n    __typename\n  }\n}"}}
  [1m[36mWorkout Load (2.4ms)[0m  [1m[34mSELECT "workouts".* FROM "workouts" WHERE (date >= '2025-09-08') AND (date <= '2025-09-08') ORDER BY "workouts"."date" DESC /*action='execute',application='Backend',controller='graphql',current_graphql_field='Query.workouts',current_graphql_operation='WorkoutsByDate'*/[0m
Completed 200 OK in 7ms (Views: 0.2ms | ActiveRecord: 2.4ms (1 query, 0 cached) | GC: 0.0ms)


Started POST "/graphql" for ::1 at 2025-09-08 19:54:50 +0300
Processing by GraphqlController#execute as */*
  Parameters: {"operationName" => "CreateWorkout", "variables" => {"date" => "2025-09-07T21:00:00.000Z"}, "query" => "mutation CreateWorkout($date: ISO8601DateTime!) {\n  createWorkout(input: {date: $date}) {\n    workout {\n      id\n      steps {\n        id\n        exercises {\n          id\n          name\n          __typename\n        }\n        sets {\n          id\n          reps\n          weightMcg\n          __typename\n        }\n        __typename\n      }\n      __typename\n    }\n    errors\n    __typename\n  }\n}", "graphql" => {"operationName" => "CreateWorkout", "variables" => {"date" => "2025-09-07T21:00:00.000Z"}, "query" => "mutation CreateWorkout($date: ISO8601DateTime!) {\n  createWorkout(input: {date: $date}) {\n    workout {\n      id\n      steps {\n        id\n        exercises {\n          id\n          name\n          __typename\n        }\n        sets {\n          id\n          reps\n          weightMcg\n          __typename\n        }\n        __typename\n      }\n      __typename\n    }\n    errors\n    __typename\n  }\n}"}}
  [1m[36mTRANSACTION (1.6ms)[0m  [1m[35mBEGIN /*action='execute',application='Backend',controller='graphql',current_graphql_field='Mutation.createWorkout',current_graphql_operation='CreateWorkout'*/[0m
  ↳ app/graphql/mutations/create_workout_mutation.rb:14:in 'Mutations::CreateWorkoutMutation#resolve'
  [1m[36mWorkout Create (4.6ms)[0m  [1m[32mINSERT INTO "workouts" ("date", "notes", "feeling", "pain", "rpe", "ended_at", "duration_ms", "created_at", "updated_at") VALUES ('2025-09-07', NULL, NULL, NULL, NULL, NULL, NULL, '2025-09-08 16:54:50.544945', '2025-09-08 16:54:50.544945') RETURNING "id" /*action='execute',application='Backend',controller='graphql',current_graphql_field='Mutation.createWorkout',current_graphql_operation='CreateWorkout'*/[0m
  ↳ app/graphql/mutations/create_workout_mutation.rb:14:in 'Mutations::CreateWorkoutMutation#resolve'
  [1m[36mTRANSACTION (2.2ms)[0m  [1m[35mCOMMIT /*action='execute',application='Backend',controller='graphql',current_graphql_field='Mutation.createWorkout',current_graphql_operation='CreateWorkout'*/[0m
  ↳ app/graphql/mutations/create_workout_mutation.rb:14:in 'Mutations::CreateWorkoutMutation#resolve'
  [1m[36mWorkoutStep Load (3.1ms)[0m  [1m[34mSELECT "workout_steps".* FROM "workout_steps" WHERE "workout_steps"."workout_id" = '22743975-c22a-48fb-90ca-ea700d86d245' /*action='execute',application='Backend',controller='graphql',current_graphql_field='Workout.steps',current_graphql_operation='CreateWorkout'*/[0m
Completed 200 OK in 22ms (Views: 0.2ms | ActiveRecord: 11.4ms (2 queries, 0 cached) | GC: 0.0ms)


Started POST "/graphql" for ::1 at 2025-09-08 19:54:50 +0300
Processing by GraphqlController#execute as */*
  Parameters: {"operationName" => "WorkoutsByDate", "variables" => {"date" => "2025-09-08"}, "query" => "query WorkoutsByDate($date: ISO8601Date!) {\n  workouts(fromDate: $date, toDate: $date) {\n    id\n    steps {\n      id\n      exercises {\n        id\n        name\n        __typename\n      }\n      sets {\n        id\n        reps\n        weightMcg\n        __typename\n      }\n      __typename\n    }\n    __typename\n  }\n}", "graphql" => {"operationName" => "WorkoutsByDate", "variables" => {"date" => "2025-09-08"}, "query" => "query WorkoutsByDate($date: ISO8601Date!) {\n  workouts(fromDate: $date, toDate: $date) {\n    id\n    steps {\n      id\n      exercises {\n        id\n        name\n        __typename\n      }\n      sets {\n        id\n        reps\n        weightMcg\n        __typename\n      }\n      __typename\n    }\n    __typename\n  }\n}"}}
  [1m[36mWorkout Load (2.3ms)[0m  [1m[34mSELECT "workouts".* FROM "workouts" WHERE (date >= '2025-09-08') AND (date <= '2025-09-08') ORDER BY "workouts"."date" DESC /*action='execute',application='Backend',controller='graphql',current_graphql_field='Query.workouts',current_graphql_operation='WorkoutsByDate'*/[0m
Completed 200 OK in 6ms (Views: 0.2ms | ActiveRecord: 2.3ms (1 query, 0 cached) | GC: 0.0ms)


Started POST "/graphql" for ::1 at 2025-09-08 20:13:55 +0300
Processing by GraphqlController#execute as */*
  Parameters: {"operationName" => "WorkoutsByDate", "variables" => {"date" => "2025-09-08"}, "query" => "query WorkoutsByDate($date: ISO8601Date!) {\n  workouts(fromDate: $date, toDate: $date) {\n    id\n    steps {\n      id\n      exercises {\n        id\n        name\n        __typename\n      }\n      sets {\n        id\n        reps\n        weightMcg\n        __typename\n      }\n      __typename\n    }\n    __typename\n  }\n}", "graphql" => {"operationName" => "WorkoutsByDate", "variables" => {"date" => "2025-09-08"}, "query" => "query WorkoutsByDate($date: ISO8601Date!) {\n  workouts(fromDate: $date, toDate: $date) {\n    id\n    steps {\n      id\n      exercises {\n        id\n        name\n        __typename\n      }\n      sets {\n        id\n        reps\n        weightMcg\n        __typename\n      }\n      __typename\n    }\n    __typename\n  }\n}"}}
  [1m[36mWorkout Load (23.9ms)[0m  [1m[34mSELECT "workouts".* FROM "workouts" WHERE (date >= '2025-09-08') AND (date <= '2025-09-08') ORDER BY "workouts"."date" DESC /*action='execute',application='Backend',controller='graphql',current_graphql_field='Query.workouts',current_graphql_operation='WorkoutsByDate'*/[0m
Completed 200 OK in 25ms (Views: 0.1ms | ActiveRecord: 33.1ms (1 query, 0 cached) | GC: 0.0ms)


Started POST "/graphql" for ::1 at 2025-09-08 20:13:57 +0300
Processing by GraphqlController#execute as */*
  Parameters: {"operationName" => "WorkoutsByDate", "variables" => {"date" => "2025-09-07"}, "query" => "query WorkoutsByDate($date: ISO8601Date!) {\n  workouts(fromDate: $date, toDate: $date) {\n    id\n    steps {\n      id\n      exercises {\n        id\n        name\n        __typename\n      }\n      sets {\n        id\n        reps\n        weightMcg\n        __typename\n      }\n      __typename\n    }\n    __typename\n  }\n}", "graphql" => {"operationName" => "WorkoutsByDate", "variables" => {"date" => "2025-09-07"}, "query" => "query WorkoutsByDate($date: ISO8601Date!) {\n  workouts(fromDate: $date, toDate: $date) {\n    id\n    steps {\n      id\n      exercises {\n        id\n        name\n        __typename\n      }\n      sets {\n        id\n        reps\n        weightMcg\n        __typename\n      }\n      __typename\n    }\n    __typename\n  }\n}"}}
  [1m[36mWorkout Load (2.6ms)[0m  [1m[34mSELECT "workouts".* FROM "workouts" WHERE (date >= '2025-09-07') AND (date <= '2025-09-07') ORDER BY "workouts"."date" DESC /*action='execute',application='Backend',controller='graphql',current_graphql_field='Query.workouts',current_graphql_operation='WorkoutsByDate'*/[0m
  [1m[36mWorkoutStep Load (1.9ms)[0m  [1m[34mSELECT "workout_steps".* FROM "workout_steps" WHERE "workout_steps"."workout_id" = '43ea0ed0-114a-490b-b619-1b8a9c13fd0c' /*action='execute',application='Backend',controller='graphql',current_graphql_field='Workout.steps',current_graphql_operation='WorkoutsByDate'*/[0m
  [1m[36mWorkoutStep Load (1.3ms)[0m  [1m[34mSELECT "workout_steps".* FROM "workout_steps" WHERE "workout_steps"."workout_id" = 'af3bb8e4-0d56-4a33-8120-e1891fee58ad' /*action='execute',application='Backend',controller='graphql',current_graphql_field='Workout.steps',current_graphql_operation='WorkoutsByDate'*/[0m
  [1m[36mWorkoutStep Load (1.8ms)[0m  [1m[34mSELECT "workout_steps".* FROM "workout_steps" WHERE "workout_steps"."workout_id" = '22743975-c22a-48fb-90ca-ea700d86d245' /*action='execute',application='Backend',controller='graphql',current_graphql_field='Workout.steps',current_graphql_operation='WorkoutsByDate'*/[0m
Completed 200 OK in 20ms (Views: 0.2ms | ActiveRecord: 8.7ms (4 queries, 0 cached) | GC: 0.0ms)


Started POST "/graphql" for ::1 at 2025-09-08 20:13:59 +0300
Processing by GraphqlController#execute as */*
  Parameters: {"operationName" => "WorkoutsByDate", "variables" => {"date" => "2025-09-09"}, "query" => "query WorkoutsByDate($date: ISO8601Date!) {\n  workouts(fromDate: $date, toDate: $date) {\n    id\n    steps {\n      id\n      exercises {\n        id\n        name\n        __typename\n      }\n      sets {\n        id\n        reps\n        weightMcg\n        __typename\n      }\n      __typename\n    }\n    __typename\n  }\n}", "graphql" => {"operationName" => "WorkoutsByDate", "variables" => {"date" => "2025-09-09"}, "query" => "query WorkoutsByDate($date: ISO8601Date!) {\n  workouts(fromDate: $date, toDate: $date) {\n    id\n    steps {\n      id\n      exercises {\n        id\n        name\n        __typename\n      }\n      sets {\n        id\n        reps\n        weightMcg\n        __typename\n      }\n      __typename\n    }\n    __typename\n  }\n}"}}
  [1m[36mWorkout Load (2.5ms)[0m  [1m[34mSELECT "workouts".* FROM "workouts" WHERE (date >= '2025-09-09') AND (date <= '2025-09-09') ORDER BY "workouts"."date" DESC /*action='execute',application='Backend',controller='graphql',current_graphql_field='Query.workouts',current_graphql_operation='WorkoutsByDate'*/[0m
Completed 200 OK in 6ms (Views: 0.2ms | ActiveRecord: 2.5ms (1 query, 0 cached) | GC: 0.0ms)


Started POST "/graphql" for ::1 at 2025-09-08 20:14:03 +0300
Processing by GraphqlController#execute as */*
  Parameters: {"operationName" => "WorkoutsByDate", "variables" => {"date" => "2025-09-07"}, "query" => "query WorkoutsByDate($date: ISO8601Date!) {\n  workouts(fromDate: $date, toDate: $date) {\n    id\n    steps {\n      id\n      exercises {\n        id\n        name\n        __typename\n      }\n      sets {\n        id\n        reps\n        weightMcg\n        __typename\n      }\n      __typename\n    }\n    __typename\n  }\n}", "graphql" => {"operationName" => "WorkoutsByDate", "variables" => {"date" => "2025-09-07"}, "query" => "query WorkoutsByDate($date: ISO8601Date!) {\n  workouts(fromDate: $date, toDate: $date) {\n    id\n    steps {\n      id\n      exercises {\n        id\n        name\n        __typename\n      }\n      sets {\n        id\n        reps\n        weightMcg\n        __typename\n      }\n      __typename\n    }\n    __typename\n  }\n}"}}
  [1m[36mWorkout Load (1.3ms)[0m  [1m[34mSELECT "workouts".* FROM "workouts" WHERE (date >= '2025-09-07') AND (date <= '2025-09-07') ORDER BY "workouts"."date" DESC /*action='execute',application='Backend',controller='graphql',current_graphql_field='Query.workouts',current_graphql_operation='WorkoutsByDate'*/[0m
  [1m[36mWorkoutStep Load (0.8ms)[0m  [1m[34mSELECT "workout_steps".* FROM "workout_steps" WHERE "workout_steps"."workout_id" = '43ea0ed0-114a-490b-b619-1b8a9c13fd0c' /*action='execute',application='Backend',controller='graphql',current_graphql_field='Workout.steps',current_graphql_operation='WorkoutsByDate'*/[0m
  [1m[36mWorkoutStep Load (1.2ms)[0m  [1m[34mSELECT "workout_steps".* FROM "workout_steps" WHERE "workout_steps"."workout_id" = 'af3bb8e4-0d56-4a33-8120-e1891fee58ad' /*action='execute',application='Backend',controller='graphql',current_graphql_field='Workout.steps',current_graphql_operation='WorkoutsByDate'*/[0m
  [1m[36mWorkoutStep Load (0.9ms)[0m  [1m[34mSELECT "workout_steps".* FROM "workout_steps" WHERE "workout_steps"."workout_id" = '22743975-c22a-48fb-90ca-ea700d86d245' /*action='execute',application='Backend',controller='graphql',current_graphql_field='Workout.steps',current_graphql_operation='WorkoutsByDate'*/[0m
Completed 200 OK in 11ms (Views: 0.1ms | ActiveRecord: 4.2ms (4 queries, 0 cached) | GC: 0.0ms)


Started POST "/graphql" for ::1 at 2025-09-08 20:15:50 +0300
Processing by GraphqlController#execute as */*
  Parameters: {"operationName" => "WorkoutsByDate", "variables" => {"date" => "2025-09-07"}, "query" => "query WorkoutsByDate($date: ISO8601Date!) {\n  workouts(date: $date) {\n    id\n    date\n    steps {\n      id\n      exercises {\n        id\n        name\n        __typename\n      }\n      sets {\n        id\n        reps\n        weightMcg\n        __typename\n      }\n      __typename\n    }\n    __typename\n  }\n}", "graphql" => {"operationName" => "WorkoutsByDate", "variables" => {"date" => "2025-09-07"}, "query" => "query WorkoutsByDate($date: ISO8601Date!) {\n  workouts(date: $date) {\n    id\n    date\n    steps {\n      id\n      exercises {\n        id\n        name\n        __typename\n      }\n      sets {\n        id\n        reps\n        weightMcg\n        __typename\n      }\n      __typename\n    }\n    __typename\n  }\n}"}}
  [1m[36mWorkout Load (1.7ms)[0m  [1m[34mSELECT "workouts".* FROM "workouts" WHERE "workouts"."date" = '2025-09-07' ORDER BY "workouts"."date" DESC /*action='execute',application='Backend',controller='graphql',current_graphql_field='Query.workouts',current_graphql_operation='WorkoutsByDate'*/[0m
  [1m[36mWorkoutStep Load (1.5ms)[0m  [1m[34mSELECT "workout_steps".* FROM "workout_steps" WHERE "workout_steps"."workout_id" = '43ea0ed0-114a-490b-b619-1b8a9c13fd0c' /*action='execute',application='Backend',controller='graphql',current_graphql_field='Workout.steps',current_graphql_operation='WorkoutsByDate'*/[0m
  [1m[36mWorkoutStep Load (1.1ms)[0m  [1m[34mSELECT "workout_steps".* FROM "workout_steps" WHERE "workout_steps"."workout_id" = 'af3bb8e4-0d56-4a33-8120-e1891fee58ad' /*action='execute',application='Backend',controller='graphql',current_graphql_field='Workout.steps',current_graphql_operation='WorkoutsByDate'*/[0m
  [1m[36mWorkoutStep Load (1.5ms)[0m  [1m[34mSELECT "workout_steps".* FROM "workout_steps" WHERE "workout_steps"."workout_id" = '22743975-c22a-48fb-90ca-ea700d86d245' /*action='execute',application='Backend',controller='graphql',current_graphql_field='Workout.steps',current_graphql_operation='WorkoutsByDate'*/[0m
Completed 200 OK in 15ms (Views: 0.2ms | ActiveRecord: 5.8ms (4 queries, 0 cached) | GC: 0.0ms)


Started POST "/graphql" for ::1 at 2025-09-08 20:16:00 +0300
Processing by GraphqlController#execute as */*
  Parameters: {"operationName" => "WorkoutsByDate", "variables" => {"date" => "2025-09-07"}, "query" => "query WorkoutsByDate($date: ISO8601Date!) {\n  workouts(date: $date) {\n    id\n    date\n    steps {\n      id\n      exercises {\n        id\n        name\n        __typename\n      }\n      sets {\n        id\n        reps\n        weightMcg\n        __typename\n      }\n      __typename\n    }\n    __typename\n  }\n}", "graphql" => {"operationName" => "WorkoutsByDate", "variables" => {"date" => "2025-09-07"}, "query" => "query WorkoutsByDate($date: ISO8601Date!) {\n  workouts(date: $date) {\n    id\n    date\n    steps {\n      id\n      exercises {\n        id\n        name\n        __typename\n      }\n      sets {\n        id\n        reps\n        weightMcg\n        __typename\n      }\n      __typename\n    }\n    __typename\n  }\n}"}}
  [1m[36mWorkout Load (1.8ms)[0m  [1m[34mSELECT "workouts".* FROM "workouts" WHERE "workouts"."date" = '2025-09-07' ORDER BY "workouts"."date" DESC /*action='execute',application='Backend',controller='graphql',current_graphql_field='Query.workouts',current_graphql_operation='WorkoutsByDate'*/[0m
  [1m[36mWorkoutStep Load (2.6ms)[0m  [1m[34mSELECT "workout_steps".* FROM "workout_steps" WHERE "workout_steps"."workout_id" = '43ea0ed0-114a-490b-b619-1b8a9c13fd0c' /*action='execute',application='Backend',controller='graphql',current_graphql_field='Workout.steps',current_graphql_operation='WorkoutsByDate'*/[0m
  [1m[36mWorkoutStep Load (2.1ms)[0m  [1m[34mSELECT "workout_steps".* FROM "workout_steps" WHERE "workout_steps"."workout_id" = 'af3bb8e4-0d56-4a33-8120-e1891fee58ad' /*action='execute',application='Backend',controller='graphql',current_graphql_field='Workout.steps',current_graphql_operation='WorkoutsByDate'*/[0m
  [1m[36mWorkoutStep Load (2.6ms)[0m  [1m[34mSELECT "workout_steps".* FROM "workout_steps" WHERE "workout_steps"."workout_id" = '22743975-c22a-48fb-90ca-ea700d86d245' /*action='execute',application='Backend',controller='graphql',current_graphql_field='Workout.steps',current_graphql_operation='WorkoutsByDate'*/[0m
Completed 200 OK in 14ms (Views: 0.1ms | ActiveRecord: 9.1ms (4 queries, 0 cached) | GC: 0.0ms)


Started POST "/graphql" for ::1 at 2025-09-08 20:16:16 +0300
Processing by GraphqlController#execute as */*
  Parameters: {"operationName" => "WorkoutsByDate", "variables" => {"date" => "2025-09-08"}, "query" => "query WorkoutsByDate($date: ISO8601Date!) {\n  workouts(date: $date) {\n    id\n    date\n    steps {\n      id\n      exercises {\n        id\n        name\n        __typename\n      }\n      sets {\n        id\n        reps\n        weightMcg\n        __typename\n      }\n      __typename\n    }\n    __typename\n  }\n}", "graphql" => {"operationName" => "WorkoutsByDate", "variables" => {"date" => "2025-09-08"}, "query" => "query WorkoutsByDate($date: ISO8601Date!) {\n  workouts(date: $date) {\n    id\n    date\n    steps {\n      id\n      exercises {\n        id\n        name\n        __typename\n      }\n      sets {\n        id\n        reps\n        weightMcg\n        __typename\n      }\n      __typename\n    }\n    __typename\n  }\n}"}}
  [1m[36mWorkout Load (1.5ms)[0m  [1m[34mSELECT "workouts".* FROM "workouts" WHERE "workouts"."date" = '2025-09-08' ORDER BY "workouts"."date" DESC /*action='execute',application='Backend',controller='graphql',current_graphql_field='Query.workouts',current_graphql_operation='WorkoutsByDate'*/[0m
Completed 200 OK in 5ms (Views: 0.2ms | ActiveRecord: 1.4ms (1 query, 0 cached) | GC: 0.0ms)


Started POST "/graphql" for ::1 at 2025-09-08 20:16:42 +0300
Processing by GraphqlController#execute as */*
  Parameters: {"operationName" => "WorkoutsByDate", "variables" => {"date" => "2025-09-08"}, "query" => "query WorkoutsByDate($date: ISO8601Date!) {\n  workouts(date: $date) {\n    id\n    date\n    steps {\n      id\n      exercises {\n        id\n        name\n        __typename\n      }\n      sets {\n        id\n        reps\n        weightMcg\n        __typename\n      }\n      __typename\n    }\n    __typename\n  }\n}", "graphql" => {"operationName" => "WorkoutsByDate", "variables" => {"date" => "2025-09-08"}, "query" => "query WorkoutsByDate($date: ISO8601Date!) {\n  workouts(date: $date) {\n    id\n    date\n    steps {\n      id\n      exercises {\n        id\n        name\n        __typename\n      }\n      sets {\n        id\n        reps\n        weightMcg\n        __typename\n      }\n      __typename\n    }\n    __typename\n  }\n}"}}
  [1m[36mWorkout Load (1.3ms)[0m  [1m[34mSELECT "workouts".* FROM "workouts" WHERE "workouts"."date" = '2025-09-08' ORDER BY "workouts"."date" DESC /*action='execute',application='Backend',controller='graphql',current_graphql_field='Query.workouts',current_graphql_operation='WorkoutsByDate'*/[0m
Completed 200 OK in 5ms (Views: 0.1ms | ActiveRecord: 1.3ms (1 query, 0 cached) | GC: 0.0ms)


Started POST "/graphql" for ::1 at 2025-09-08 20:16:46 +0300
Processing by GraphqlController#execute as */*
  Parameters: {"operationName" => "CreateWorkout", "variables" => {"date" => "2025-09-07T21:00:00.000Z"}, "query" => "mutation CreateWorkout($date: ISO8601DateTime!) {\n  createWorkout(input: {date: $date}) {\n    workout {\n      id\n      date\n      steps {\n        id\n        exercises {\n          id\n          name\n          __typename\n        }\n        sets {\n          id\n          reps\n          weightMcg\n          __typename\n        }\n        __typename\n      }\n      __typename\n    }\n    errors\n    __typename\n  }\n}", "graphql" => {"operationName" => "CreateWorkout", "variables" => {"date" => "2025-09-07T21:00:00.000Z"}, "query" => "mutation CreateWorkout($date: ISO8601DateTime!) {\n  createWorkout(input: {date: $date}) {\n    workout {\n      id\n      date\n      steps {\n        id\n        exercises {\n          id\n          name\n          __typename\n        }\n        sets {\n          id\n          reps\n          weightMcg\n          __typename\n        }\n        __typename\n      }\n      __typename\n    }\n    errors\n    __typename\n  }\n}"}}
  [1m[36mTRANSACTION (1.5ms)[0m  [1m[35mBEGIN /*action='execute',application='Backend',controller='graphql',current_graphql_field='Mutation.createWorkout',current_graphql_operation='CreateWorkout'*/[0m
  ↳ app/graphql/mutations/create_workout_mutation.rb:14:in 'Mutations::CreateWorkoutMutation#resolve'
  [1m[36mWorkout Create (4.9ms)[0m  [1m[32mINSERT INTO "workouts" ("date", "notes", "feeling", "pain", "rpe", "ended_at", "duration_ms", "created_at", "updated_at") VALUES ('2025-09-07', NULL, NULL, NULL, NULL, NULL, NULL, '2025-09-08 17:16:46.940004', '2025-09-08 17:16:46.940004') RETURNING "id" /*action='execute',application='Backend',controller='graphql',current_graphql_field='Mutation.createWorkout',current_graphql_operation='CreateWorkout'*/[0m
  ↳ app/graphql/mutations/create_workout_mutation.rb:14:in 'Mutations::CreateWorkoutMutation#resolve'
  [1m[36mTRANSACTION (2.6ms)[0m  [1m[35mCOMMIT /*action='execute',application='Backend',controller='graphql',current_graphql_field='Mutation.createWorkout',current_graphql_operation='CreateWorkout'*/[0m
  ↳ app/graphql/mutations/create_workout_mutation.rb:14:in 'Mutations::CreateWorkoutMutation#resolve'
  [1m[36mWorkoutStep Load (1.9ms)[0m  [1m[34mSELECT "workout_steps".* FROM "workout_steps" WHERE "workout_steps"."workout_id" = '9e60d596-f083-4ef4-873e-4e7d4390439e' /*action='execute',application='Backend',controller='graphql',current_graphql_field='Workout.steps',current_graphql_operation='CreateWorkout'*/[0m
Completed 200 OK in 22ms (Views: 0.5ms | ActiveRecord: 10.8ms (2 queries, 0 cached) | GC: 0.0ms)


Started POST "/graphql" for ::1 at 2025-09-08 20:16:46 +0300
Processing by GraphqlController#execute as */*
  Parameters: {"operationName" => "WorkoutsByDate", "variables" => {"date" => "2025-09-08"}, "query" => "query WorkoutsByDate($date: ISO8601Date!) {\n  workouts(date: $date) {\n    id\n    date\n    steps {\n      id\n      exercises {\n        id\n        name\n        __typename\n      }\n      sets {\n        id\n        reps\n        weightMcg\n        __typename\n      }\n      __typename\n    }\n    __typename\n  }\n}", "graphql" => {"operationName" => "WorkoutsByDate", "variables" => {"date" => "2025-09-08"}, "query" => "query WorkoutsByDate($date: ISO8601Date!) {\n  workouts(date: $date) {\n    id\n    date\n    steps {\n      id\n      exercises {\n        id\n        name\n        __typename\n      }\n      sets {\n        id\n        reps\n        weightMcg\n        __typename\n      }\n      __typename\n    }\n    __typename\n  }\n}"}}
  [1m[36mWorkout Load (1.7ms)[0m  [1m[34mSELECT "workouts".* FROM "workouts" WHERE "workouts"."date" = '2025-09-08' ORDER BY "workouts"."date" DESC /*action='execute',application='Backend',controller='graphql',current_graphql_field='Query.workouts',current_graphql_operation='WorkoutsByDate'*/[0m
Completed 200 OK in 7ms (Views: 0.2ms | ActiveRecord: 1.7ms (1 query, 0 cached) | GC: 0.0ms)


Started POST "/graphql" for ::1 at 2025-09-08 20:19:15 +0300
Processing by GraphqlController#execute as */*
  Parameters: {"operationName" => "WorkoutsByDate", "variables" => {"date" => "2025-09-08"}, "query" => "query WorkoutsByDate($date: ISO8601Date!) {\n  workouts(date: $date) {\n    id\n    date\n    steps {\n      id\n      exercises {\n        id\n        name\n        __typename\n      }\n      sets {\n        id\n        reps\n        weightMcg\n        __typename\n      }\n      __typename\n    }\n    __typename\n  }\n}", "graphql" => {"operationName" => "WorkoutsByDate", "variables" => {"date" => "2025-09-08"}, "query" => "query WorkoutsByDate($date: ISO8601Date!) {\n  workouts(date: $date) {\n    id\n    date\n    steps {\n      id\n      exercises {\n        id\n        name\n        __typename\n      }\n      sets {\n        id\n        reps\n        weightMcg\n        __typename\n      }\n      __typename\n    }\n    __typename\n  }\n}"}}
  [1m[36mWorkout Load (1.6ms)[0m  [1m[34mSELECT "workouts".* FROM "workouts" WHERE "workouts"."date" = '2025-09-08' ORDER BY "workouts"."date" DESC /*action='execute',application='Backend',controller='graphql',current_graphql_field='Query.workouts',current_graphql_operation='WorkoutsByDate'*/[0m
Completed 200 OK in 4ms (Views: 0.1ms | ActiveRecord: 1.6ms (1 query, 0 cached) | GC: 0.0ms)


Started POST "/graphql" for ::1 at 2025-09-08 20:19:18 +0300
Processing by GraphqlController#execute as */*
  Parameters: {"operationName" => "CreateWorkout", "variables" => {"date" => "Today"}, "query" => "mutation CreateWorkout($date: ISO8601DateTime!) {\n  createWorkout(input: {date: $date}) {\n    workout {\n      id\n      date\n      steps {\n        id\n        exercises {\n          id\n          name\n          __typename\n        }\n        sets {\n          id\n          reps\n          weightMcg\n          __typename\n        }\n        __typename\n      }\n      __typename\n    }\n    errors\n    __typename\n  }\n}", "graphql" => {"operationName" => "CreateWorkout", "variables" => {"date" => "Today"}, "query" => "mutation CreateWorkout($date: ISO8601DateTime!) {\n  createWorkout(input: {date: $date}) {\n    workout {\n      id\n      date\n      steps {\n        id\n        exercises {\n          id\n          name\n          __typename\n        }\n        sets {\n          id\n          reps\n          weightMcg\n          __typename\n        }\n        __typename\n      }\n      __typename\n    }\n    errors\n    __typename\n  }\n}"}}
Completed 200 OK in 3ms (Views: 0.2ms | ActiveRecord: 0.0ms (0 queries, 0 cached) | GC: 0.0ms)


Started POST "/graphql" for ::1 at 2025-09-08 20:21:58 +0300
Processing by GraphqlController#execute as */*
  Parameters: {"operationName" => "WorkoutsByDate", "variables" => {"date" => "2025-09-08"}, "query" => "query WorkoutsByDate($date: ISO8601Date!) {\n  workouts(date: $date) {\n    id\n    date\n    steps {\n      id\n      exercises {\n        id\n        name\n        __typename\n      }\n      sets {\n        id\n        reps\n        weightMcg\n        __typename\n      }\n      __typename\n    }\n    __typename\n  }\n}", "graphql" => {"operationName" => "WorkoutsByDate", "variables" => {"date" => "2025-09-08"}, "query" => "query WorkoutsByDate($date: ISO8601Date!) {\n  workouts(date: $date) {\n    id\n    date\n    steps {\n      id\n      exercises {\n        id\n        name\n        __typename\n      }\n      sets {\n        id\n        reps\n        weightMcg\n        __typename\n      }\n      __typename\n    }\n    __typename\n  }\n}"}}
  [1m[36mWorkout Load (1.4ms)[0m  [1m[34mSELECT "workouts".* FROM "workouts" WHERE "workouts"."date" = '2025-09-08' ORDER BY "workouts"."date" DESC /*action='execute',application='Backend',controller='graphql',current_graphql_field='Query.workouts',current_graphql_operation='WorkoutsByDate'*/[0m
Completed 200 OK in 3ms (Views: 0.1ms | ActiveRecord: 1.4ms (1 query, 0 cached) | GC: 0.0ms)


Started POST "/graphql" for ::1 at 2025-09-08 20:21:59 +0300
Processing by GraphqlController#execute as */*
  Parameters: {"operationName" => "CreateWorkout", "variables" => {"date" => "2025-09-08"}, "query" => "mutation CreateWorkout($date: ISO8601DateTime!) {\n  createWorkout(input: {date: $date}) {\n    workout {\n      id\n      date\n      steps {\n        id\n        exercises {\n          id\n          name\n          __typename\n        }\n        sets {\n          id\n          reps\n          weightMcg\n          __typename\n        }\n        __typename\n      }\n      __typename\n    }\n    errors\n    __typename\n  }\n}", "graphql" => {"operationName" => "CreateWorkout", "variables" => {"date" => "2025-09-08"}, "query" => "mutation CreateWorkout($date: ISO8601DateTime!) {\n  createWorkout(input: {date: $date}) {\n    workout {\n      id\n      date\n      steps {\n        id\n        exercises {\n          id\n          name\n          __typename\n        }\n        sets {\n          id\n          reps\n          weightMcg\n          __typename\n        }\n        __typename\n      }\n      __typename\n    }\n    errors\n    __typename\n  }\n}"}}
  [1m[36mTRANSACTION (1.2ms)[0m  [1m[35mBEGIN /*action='execute',application='Backend',controller='graphql',current_graphql_field='Mutation.createWorkout',current_graphql_operation='CreateWorkout'*/[0m
  ↳ app/graphql/mutations/create_workout_mutation.rb:14:in 'Mutations::CreateWorkoutMutation#resolve'
  [1m[36mWorkout Create (4.1ms)[0m  [1m[32mINSERT INTO "workouts" ("date", "notes", "feeling", "pain", "rpe", "ended_at", "duration_ms", "created_at", "updated_at") VALUES ('2025-09-08', NULL, NULL, NULL, NULL, NULL, NULL, '2025-09-08 17:21:59.634664', '2025-09-08 17:21:59.634664') RETURNING "id" /*action='execute',application='Backend',controller='graphql',current_graphql_field='Mutation.createWorkout',current_graphql_operation='CreateWorkout'*/[0m
  ↳ app/graphql/mutations/create_workout_mutation.rb:14:in 'Mutations::CreateWorkoutMutation#resolve'
  [1m[36mTRANSACTION (2.1ms)[0m  [1m[35mCOMMIT /*action='execute',application='Backend',controller='graphql',current_graphql_field='Mutation.createWorkout',current_graphql_operation='CreateWorkout'*/[0m
  ↳ app/graphql/mutations/create_workout_mutation.rb:14:in 'Mutations::CreateWorkoutMutation#resolve'
  [1m[36mWorkoutStep Load (1.7ms)[0m  [1m[34mSELECT "workout_steps".* FROM "workout_steps" WHERE "workout_steps"."workout_id" = 'e3ca8f21-9971-4fa7-8329-7c6c57dd6983' /*action='execute',application='Backend',controller='graphql',current_graphql_field='Workout.steps',current_graphql_operation='CreateWorkout'*/[0m
Completed 200 OK in 37ms (Views: 0.1ms | ActiveRecord: 9.1ms (2 queries, 0 cached) | GC: 22.3ms)


Started POST "/graphql" for ::1 at 2025-09-08 20:21:59 +0300
Processing by GraphqlController#execute as */*
  Parameters: {"operationName" => "WorkoutsByDate", "variables" => {"date" => "2025-09-08"}, "query" => "query WorkoutsByDate($date: ISO8601Date!) {\n  workouts(date: $date) {\n    id\n    date\n    steps {\n      id\n      exercises {\n        id\n        name\n        __typename\n      }\n      sets {\n        id\n        reps\n        weightMcg\n        __typename\n      }\n      __typename\n    }\n    __typename\n  }\n}", "graphql" => {"operationName" => "WorkoutsByDate", "variables" => {"date" => "2025-09-08"}, "query" => "query WorkoutsByDate($date: ISO8601Date!) {\n  workouts(date: $date) {\n    id\n    date\n    steps {\n      id\n      exercises {\n        id\n        name\n        __typename\n      }\n      sets {\n        id\n        reps\n        weightMcg\n        __typename\n      }\n      __typename\n    }\n    __typename\n  }\n}"}}
  [1m[36mWorkout Load (1.0ms)[0m  [1m[34mSELECT "workouts".* FROM "workouts" WHERE "workouts"."date" = '2025-09-08' ORDER BY "workouts"."date" DESC /*action='execute',application='Backend',controller='graphql',current_graphql_field='Query.workouts',current_graphql_operation='WorkoutsByDate'*/[0m
  [1m[36mWorkoutStep Load (1.2ms)[0m  [1m[34mSELECT "workout_steps".* FROM "workout_steps" WHERE "workout_steps"."workout_id" = 'e3ca8f21-9971-4fa7-8329-7c6c57dd6983' /*action='execute',application='Backend',controller='graphql',current_graphql_field='Workout.steps',current_graphql_operation='WorkoutsByDate'*/[0m
Completed 200 OK in 7ms (Views: 0.1ms | ActiveRecord: 2.2ms (2 queries, 0 cached) | GC: 1.2ms)


Started POST "/graphql" for ::1 at 2025-09-08 20:22:12 +0300
Processing by GraphqlController#execute as */*
  Parameters: {"operationName" => "WorkoutsByDate", "variables" => {"date" => "2025-09-07"}, "query" => "query WorkoutsByDate($date: ISO8601Date!) {\n  workouts(date: $date) {\n    id\n    date\n    steps {\n      id\n      exercises {\n        id\n        name\n        __typename\n      }\n      sets {\n        id\n        reps\n        weightMcg\n        __typename\n      }\n      __typename\n    }\n    __typename\n  }\n}", "graphql" => {"operationName" => "WorkoutsByDate", "variables" => {"date" => "2025-09-07"}, "query" => "query WorkoutsByDate($date: ISO8601Date!) {\n  workouts(date: $date) {\n    id\n    date\n    steps {\n      id\n      exercises {\n        id\n        name\n        __typename\n      }\n      sets {\n        id\n        reps\n        weightMcg\n        __typename\n      }\n      __typename\n    }\n    __typename\n  }\n}"}}
  [1m[36mWorkout Load (2.1ms)[0m  [1m[34mSELECT "workouts".* FROM "workouts" WHERE "workouts"."date" = '2025-09-07' ORDER BY "workouts"."date" DESC /*action='execute',application='Backend',controller='graphql',current_graphql_field='Query.workouts',current_graphql_operation='WorkoutsByDate'*/[0m
  [1m[36mWorkoutStep Load (2.1ms)[0m  [1m[34mSELECT "workout_steps".* FROM "workout_steps" WHERE "workout_steps"."workout_id" = '43ea0ed0-114a-490b-b619-1b8a9c13fd0c' /*action='execute',application='Backend',controller='graphql',current_graphql_field='Workout.steps',current_graphql_operation='WorkoutsByDate'*/[0m
  [1m[36mWorkoutStep Load (2.7ms)[0m  [1m[34mSELECT "workout_steps".* FROM "workout_steps" WHERE "workout_steps"."workout_id" = 'af3bb8e4-0d56-4a33-8120-e1891fee58ad' /*action='execute',application='Backend',controller='graphql',current_graphql_field='Workout.steps',current_graphql_operation='WorkoutsByDate'*/[0m
  [1m[36mWorkoutStep Load (2.0ms)[0m  [1m[34mSELECT "workout_steps".* FROM "workout_steps" WHERE "workout_steps"."workout_id" = '22743975-c22a-48fb-90ca-ea700d86d245' /*action='execute',application='Backend',controller='graphql',current_graphql_field='Workout.steps',current_graphql_operation='WorkoutsByDate'*/[0m
  [1m[36mWorkoutStep Load (1.7ms)[0m  [1m[34mSELECT "workout_steps".* FROM "workout_steps" WHERE "workout_steps"."workout_id" = '9e60d596-f083-4ef4-873e-4e7d4390439e' /*action='execute',application='Backend',controller='graphql',current_graphql_field='Workout.steps',current_graphql_operation='WorkoutsByDate'*/[0m
Completed 200 OK in 27ms (Views: 0.2ms | ActiveRecord: 10.4ms (5 queries, 0 cached) | GC: 2.1ms)


Started POST "/graphql" for ::1 at 2025-09-08 20:22:44 +0300
Processing by GraphqlController#execute as */*
  Parameters: {"operationName" => "WorkoutsByDate", "variables" => {"date" => "2025-09-08"}, "query" => "query WorkoutsByDate($date: ISO8601Date!) {\n  workouts(date: $date) {\n    id\n    date\n    steps {\n      id\n      exercises {\n        id\n        name\n        __typename\n      }\n      sets {\n        id\n        reps\n        weightMcg\n        __typename\n      }\n      __typename\n    }\n    __typename\n  }\n}", "graphql" => {"operationName" => "WorkoutsByDate", "variables" => {"date" => "2025-09-08"}, "query" => "query WorkoutsByDate($date: ISO8601Date!) {\n  workouts(date: $date) {\n    id\n    date\n    steps {\n      id\n      exercises {\n        id\n        name\n        __typename\n      }\n      sets {\n        id\n        reps\n        weightMcg\n        __typename\n      }\n      __typename\n    }\n    __typename\n  }\n}"}}
  [1m[36mWorkout Load (1.3ms)[0m  [1m[34mSELECT "workouts".* FROM "workouts" WHERE "workouts"."date" = '2025-09-08' ORDER BY "workouts"."date" DESC /*action='execute',application='Backend',controller='graphql',current_graphql_field='Query.workouts',current_graphql_operation='WorkoutsByDate'*/[0m
  [1m[36mWorkoutStep Load (1.1ms)[0m  [1m[34mSELECT "workout_steps".* FROM "workout_steps" WHERE "workout_steps"."workout_id" = 'e3ca8f21-9971-4fa7-8329-7c6c57dd6983' /*action='execute',application='Backend',controller='graphql',current_graphql_field='Workout.steps',current_graphql_operation='WorkoutsByDate'*/[0m
Completed 200 OK in 5ms (Views: 0.1ms | ActiveRecord: 2.4ms (2 queries, 0 cached) | GC: 0.3ms)


Started POST "/graphql" for ::1 at 2025-09-08 21:15:37 +0300
Processing by GraphqlController#execute as */*
  Parameters: {"operationName" => "WorkoutsByDate", "variables" => {"date" => "2025-09-08"}, "query" => "query WorkoutsByDate($date: ISO8601Date!) {\n  workouts(date: $date) {\n    id\n    date\n    steps {\n      id\n      exercises {\n        id\n        name\n        __typename\n      }\n      sets {\n        id\n        reps\n        weightMcg\n        __typename\n      }\n      __typename\n    }\n    __typename\n  }\n}", "graphql" => {"operationName" => "WorkoutsByDate", "variables" => {"date" => "2025-09-08"}, "query" => "query WorkoutsByDate($date: ISO8601Date!) {\n  workouts(date: $date) {\n    id\n    date\n    steps {\n      id\n      exercises {\n        id\n        name\n        __typename\n      }\n      sets {\n        id\n        reps\n        weightMcg\n        __typename\n      }\n      __typename\n    }\n    __typename\n  }\n}"}}
  [1m[36mWorkout Load (25.2ms)[0m  [1m[34mSELECT "workouts".* FROM "workouts" WHERE "workouts"."date" = '2025-09-08' ORDER BY "workouts"."date" DESC /*action='execute',application='Backend',controller='graphql',current_graphql_field='Query.workouts',current_graphql_operation='WorkoutsByDate'*/[0m
  [1m[36mWorkoutStep Load (1.6ms)[0m  [1m[34mSELECT "workout_steps".* FROM "workout_steps" WHERE "workout_steps"."workout_id" = 'e3ca8f21-9971-4fa7-8329-7c6c57dd6983' /*action='execute',application='Backend',controller='graphql',current_graphql_field='Workout.steps',current_graphql_operation='WorkoutsByDate'*/[0m
Completed 200 OK in 31ms (Views: 0.1ms | ActiveRecord: 36.8ms (2 queries, 0 cached) | GC: 1.0ms)


